This is TeXk, Version 3.141592 (Web2c 7.5.2) (format=tex 2005.9.21)  29 SEP 2005 10:14
 %&-line parsing enabled.
 (d:/TeXLive/texmf/web2c/cp8bit.tcx)
**\let\next= \relax

*\shot\next
! Undefined control sequence.
<*> \shot
         \next
? 

*\show\next
> \next=\relax.
<*> \show\next
              
? 

*\let\next=  xy

*\show \next
> \next=the letter x.
<*> \show \next
               
? 

*\let\next={ }
! Too many }'s.
<*> \let\next={ }
                 
? 

*\def\yy{\show\next}

*\def\dolist{\afterassignment\dodolist\let\next= }

*\def\dodolist{\ifx\next y \let\next\relax

*\else \yy\let\netxt\dolist \fi

*\next}

*\def\demo#1{\dolist#1y}

*demo{xxx dd  xx}

*\def\demo#1{\dolist#1\endlist}

*\def\endlist{\endlist}

*\def\dodolist{\ifx\next\endlist \let\next\relax

*\else \yy\let\next\dolist\fi

*\next}

*demo{xxy sd sdj}

*\yy
> \next=begin-group character {.
\yy ->\show \next 
                  
<*> \yy
       
? 

*\let\next=z

*\yy
> \next=the letter z.
\yy ->\show \next 
                  
<*> \yy
       
? 

*^^[[A^^[[B^^[[A^^[[B

*^^[[A^^[[A^^[[A^^[[B^^[[B^^[[B^^[[B\demo{xxy sld sdfj}
> \next=the letter x.
\yy ->\show \next 
                  
\dodolist ...\endlist \let \next \relax \else \yy 
                                                  \let \next \dolist \fi \next 
<argument> x
            xy sld sdfj
\demo #1->\dolist #1
                    \endlist 
<*> ...^[[A^^[[B^^[[B^^[[B^^[[B\demo{xxy sld sdfj}
                                                  
? 
> \next=the letter x.
\yy ->\show \next 
                  
\dodolist ...\endlist \let \next \relax \else \yy 
                                                  \let \next \dolist \fi \next 
<argument> xx
             y sld sdfj
\demo #1->\dolist #1
                    \endlist 
<*> ...^[[A^^[[B^^[[B^^[[B^^[[B\demo{xxy sld sdfj}
                                                  
? 
> \next=the letter y.
\yy ->\show \next 
                  
\dodolist ...\endlist \let \next \relax \else \yy 
                                                  \let \next \dolist \fi \next 
<argument> xxy
               sld sdfj
\demo #1->\dolist #1
                    \endlist 
<*> ...^[[A^^[[B^^[[B^^[[B^^[[B\demo{xxy sld sdfj}
                                                  
? 
> \next=blank space  .
\yy ->\show \next 
                  
\dodolist ...\endlist \let \next \relax \else \yy 
                                                  \let \next \dolist \fi \next 
<argument> xxy 
               sld sdfj
\demo #1->\dolist #1
                    \endlist 
<*> ...^[[A^^[[B^^[[B^^[[B^^[[B\demo{xxy sld sdfj}
                                                  
? 
> \next=the letter s.
\yy ->\show \next 
                  
\dodolist ...\endlist \let \next \relax \else \yy 
                                                  \let \next \dolist \fi \next 
<argument> xxy s
                ld sdfj
\demo #1->\dolist #1
                    \endlist 
<*> ...^[[A^^[[B^^[[B^^[[B^^[[B\demo{xxy sld sdfj}
                                                  
? 
> \next=the letter l.
\yy ->\show \next 
                  
\dodolist ...\endlist \let \next \relax \else \yy 
                                                  \let \next \dolist \fi \next 
<argument> xxy sl
                 d sdfj
\demo #1->\dolist #1
                    \endlist 
<*> ...^[[A^^[[B^^[[B^^[[B^^[[B\demo{xxy sld sdfj}
                                                  
? 
> \next=the letter d.
\yy ->\show \next 
                  
\dodolist ...\endlist \let \next \relax \else \yy 
                                                  \let \next \dolist \fi \next 
<argument> xxy sld
                   sdfj
\demo #1->\dolist #1
                    \endlist 
<*> ...^[[A^^[[B^^[[B^^[[B^^[[B\demo{xxy sld sdfj}
                                                  
? 
> \next=blank space  .
\yy ->\show \next 
                  
\dodolist ...\endlist \let \next \relax \else \yy 
                                                  \let \next \dolist \fi \next 
<argument> xxy sld 
                   sdfj
\demo #1->\dolist #1
                    