% setup_repo
% guilt refresh
No patches applied; try guilt push first
% list_files
d .git/patches
d .git/patches/master
f 22930c6d1f1938f298a4fca51c57e4b47171db21  .git/patches/master/mode
f 413390f3906f16f30b054a4fb86c1e014b964504  .git/patches/master/remove
f 9c18cc7abe6b87f18503714a80a677b4094eb457  .git/patches/master/add
f bacb4aad8a55fe4e7aa58a9ae169990bb764069f  .git/patches/master/series
f bc9ab2e0f5db99d483961e956e814d963f0309f8  .git/patches/master/modify
f da39a3ee5e6b4b0d3255bfef95601890afd80709  .git/patches/master/status
% git reset --hard HEAD
HEAD is now at d485041 initial
% guilt push modify
Applying patch..modify
Patch applied.
% guilt refresh
Patch modify refreshed
% guilt pop
All patches popped.
% guilt push modify
Applying patch..modify
Patch applied.
% list_files
d .git/patches
d .git/patches/master
d .git/refs/patches
d .git/refs/patches/master
f 22930c6d1f1938f298a4fca51c57e4b47171db21  .git/patches/master/mode
f 413390f3906f16f30b054a4fb86c1e014b964504  .git/patches/master/remove
f 42d2613ecee1b642b2b8b7b7a9cef165bf456e48  .git/patches/master/modify
f 7b80669540a0ba5ec6098f50bb7923921278e85a  .git/patches/master/status
f 9c18cc7abe6b87f18503714a80a677b4094eb457  .git/patches/master/add
f bacb4aad8a55fe4e7aa58a9ae169990bb764069f  .git/patches/master/series
f bc9ab2e0f5db99d483961e956e814d963f0309f8  .git/patches/master/modify~
r af394c0ad0537bf654800624ea2f281cd7699364  .git/refs/patches/master/modify
