% setup_repo
% guilt series
modify
add
remove
mode
% guilt series -v
  modify
  add
  remove
  mode
% guilt push
Applying patch..modify
Patch applied.
% guilt series -v
= modify
  add
  remove
  mode
% guilt push
Applying patch..add
Patch applied.
% guilt series -v
+ modify
= add
  remove
  mode
% guilt push
Applying patch..remove
Patch applied.
% guilt series -v
+ modify
+ add
= remove
  mode
% guilt push
Applying patch..mode
Patch applied.
% guilt series -v
+ modify
+ add
+ remove
= mode
% list_files
d .git/patches
d .git/patches/master
d .git/refs/patches
d .git/refs/patches/master
f 22930c6d1f1938f298a4fca51c57e4b47171db21  .git/patches/master/mode
f 413390f3906f16f30b054a4fb86c1e014b964504  .git/patches/master/remove
f 71596bf71b72c2717e1aee378aabefbfa19ab7c8  .git/patches/master/status
f 9c18cc7abe6b87f18503714a80a677b4094eb457  .git/patches/master/add
f bacb4aad8a55fe4e7aa58a9ae169990bb764069f  .git/patches/master/series
f bc9ab2e0f5db99d483961e956e814d963f0309f8  .git/patches/master/modify
r 33633e7a1aa31972f125878baf7807be57b1672d  .git/refs/patches/master/modify
r 37d588cc39848368810e88332bd03b083f2ce3ac  .git/refs/patches/master/add
r ccd56089d1b5305a9d35617cb7f6f4b06ffa68ba  .git/refs/patches/master/mode
r ffb7faa126a6d91bcdd44a494f76b96dd860b8b9  .git/refs/patches/master/remove
